<?xml version="1.0" encoding="UTF-8"?>
<!-- Generated by org.testng.reporters.JUnitReportReporter -->
<testsuite skipped="0" hostname="DESKTOP-SUJS60A" name="com.page.factory.UpsFirstPageDriver" tests="1" failures="0" timestamp="12 May 2018 17:22:21 GMT" time="21.241" errors="0">
  <testcase name="upsHomePageTest" time="21.241" classname="com.page.factory.UpsFirstPageDriver"/>
</testsuite> <!-- com.page.factory.UpsFirstPageDriver -->
