<?xml version="1.0" encoding="UTF-8"?>
<!-- Generated by org.testng.reporters.JUnitReportReporter -->
<testsuite skipped="0" hostname="DESKTOP-SUJS60A" name="com.page.factory.UpsSecondPageDriver" tests="1" failures="0" timestamp="12 May 2018 18:12:09 GMT" time="26.295" errors="0">
  <testcase name="upsTrackingPageTest" time="26.295" classname="com.page.factory.UpsSecondPageDriver"/>
</testsuite> <!-- com.page.factory.UpsSecondPageDriver -->
